Image is first DCE in AOR
 hdrupd8 vsn 1.6  A70821
******************************************************************
Executing IRAC science pipeline
******************************************************************
Pipeline executing sanity_datatype
sanity_datatype -i ../fos16.fits -t1 cdf/sanity_datatype1.tbl -t2 cdf/sanity_datatype2.tbl -o1 qa/sanity_datatype1.tbl -o2 qa/sanity_datatype2.tbl 
******************************************************************
Program Sanity_datatype is started .... Version 1.0, Wed Jan 19 22:26:52 2011
Input Image File = ../fos16.fits
Input Data Table 1 = cdf/sanity_datatype1.tbl
Input Data Table 2 = cdf/sanity_datatype2.tbl
Output Filename1 = qa/sanity_datatype1.tbl
Output Filename2 = qa/sanity_datatype2.tbl
Log File = stdout
I_Debug = 0
I_Verbose = 0
I_SuperVerbose = 0
Processing time: 0.060000 seconds
Program Sanity_datatype is done. Version 1.0, Wed Jan 19 22:26:53 2011


sanity_datatype   exit_value =   0    execution_time = 0.250s
******************************************************************
Pipeline executing qatool
qatool -i ../fos16.fits -n cdf/pn107.nl -nb QATOOLDCE -a /sos/sw/S18.18.0/STUDIO/downlink/include -o qa/DCE_qatool 
******************************************************************
qatool_parse_namelist: Information only: Namelist block-name = &QATOOLDCE
Program qatool, Version 6.0
Namelist File  = cdf/pn107.nl
Input File = ../fos16.fits
Output Data Filename Base = qa/DCE_qatool
Statistics Group = 0
Percent-Scaling Flag = 0
Calculation Type = 1
(set-up to do additional computations for four readout channels)
Number of Mean Absolute Deviations for Histogram Half-Width Coverage = 5
Number of Bins in Histograms = 41
Central fraction for trimmed average = 0.810000
Central fraction for trimmed std. dev. = 0.720000
Bad-pixel tolerance fraction = 0.340000
Statistics Box X position = 3
Statistics Box Y position = 4
Statistics Box X width = 27
Statistics Box Y height = 33
Input-Image Transpose Flag = 1
Unsigned Integer Flag = 0
Data-Plane Flag = 1
Number Edge Rows/Cols Skipped = 10
Keyword Prefix = dce
Ancillary Data-File Path = /sos/sw/S18.18.0/STUDIO/downlink/include
Verbose flag = 0
Super-verbose flag = 0
Debug flag = 0
Performed statistical and histogram calculations.
Program qatool: Status Message: 0x0000
Normal exit from Function 0x0000: LOG_WRITER
Processing time: 0.580000 seconds
Current date/time: Wed Jan 19 22:26:53 2011
Program qatool, version 6.0, terminated.

qatool   exit_value =   0    execution_time = 0.650s
******************************************************************
Pipeline executing sanity_check
sanity_check -i qa/DCE_qatool.tbl -o qa/sanity_check.tbl 
******************************************************************
Program Sanity_check is started .... Version 1.0, Wed Jan 19 22:26:54 2011

Input File = qa/DCE_qatool.tbl
Output = qa/sanity_check.tbl
Processing time: 0.020000 seconds
Current date/time: Wed Jan 19 22:26:54 2011
Program Sanity_check, version 1.0, terminated.

sanity_check   exit_value =   0    execution_time = 0.200s
******************************************************************
Pipeline executing abad_repair
abad_repair -i ../fos16.fits -o abad_repair.fits 
******************************************************************
Pipeline Module ABAD_REPAIR Version 1.2
Processing time Wed Jan 19 22:26:54 2011

ABAD_READ_DATA: A0752D00 = 0
status from read: 1
npixs = 65536
enter output with 0
files ../fos16.fits !abad_repair.fits 
open output [!abad_repair.fits]
comment [Wed Jan 19 22:26:54 2011]
Time = 0.030 seconds
exit code 0

abad_repair   exit_value =   0    execution_time = 0.060s
******************************************************************
Pipeline executing tranhead
tranhead -i abad_repair.fits -n cdf/pn107.nl -k /scr/S18.18.0/cdf/ctd/telemetry_dictionary.dat -a /sos/sw/S18.18.0/STUDIO/downlink/include -o tranhead.fits -t, cdf/Keyword_Include_List.dat 
******************************************************************

Program tranhead, Version 13.1
Namelist File  = cdf/pn107.nl
Input File = abad_repair.fits
Dictionary File = /scr/S18.18.0/cdf/ctd/telemetry_dictionary.dat
CTD Version String = 3.0.94S
Keyword-Include-List File = cdf/Keyword_Include_List.dat
Translated-Keyword File = tranhead.hdr
CSPICE leapseconds kernel = /scr/S18.18.0/cdf/spice/leapseconds.ker
CSPICE SCLK_SCET kernel = /scr/S18.18.0/cdf/spice/sclk_scet.ker
CSPICE Spitzer Ephemeris = /scr/S18.18.0/cdf/spice/sirtf.bsp
CSPICE Planets Ephemeris = /scr/S18.18.0/cdf/spice/de.bsp
Output File = tranhead.fits
Operation Type = 1
FITS-Header Comment Flag = 1
SCLK correction factor = 1.000380
Ignore Frames (1st) = -1
Ignore Frames (2nd and higher) = -1
Central fraction for trimmed average  = 0.900000
Central fraction for trimmed std. dev. = 0.900000
Gain = 3.700000
Gain_RdOutCh_1 = 3.700000
Gain_RdOutCh_2 = 3.700000
Gain_RdOutCh_3 = 3.700000
Gain_RdOutCh_4 = 3.700000
Ancillary Data-File Path = /sos/sw/S18.18.0/STUDIO/downlink/include
Verbose flag = 0
Super-verbose flag = 0
Debug flag = 0
Configured to perform forward FITS keyword translation.
tranhead Status Message: 0x0000
Normal exit from Function 0x0000: LOG_WRITER
A total of        0   NaN's were produced in the results.
Processing time: 0.260000 seconds
Current date/time: Wed Jan 19 22:26:54 2011
Program tranhead, version 13.1, terminated.

tranhead   exit_value =   0    execution_time = 0.350s
 hdrupd8 vsn 1.6  A70821


LabDark

chan, frametime, hdy, extrpt = 1, 0.10, F, 8120
expid  adceid  repidx  =  0,  0,  0 

SkyDarkaor template time = 0.1
hdy  repidx =  F  0
expid  ext-repeat  =  0  8120

******************************************************************
Pipeline executing caltrans
caltrans -n cdf/pn107.nl -m 2 -a 6 -b /scr6/S18.18.0/dlcaldata/irac -s tranhead.fits -o cal -u SUB -jk1 CHNLNUM -jv1 1 -ja1 N -ju1 0 -js1 flip -jk2 CHNLNUM;AFOWLNUM;AWAITPER;FRAMTIME;HDRMODE -jv2 1;2;6;0.10;F -ja2 N;N;N;N;S -ju2 0;0;0;0;0 -js2 sigma;cmask -jk3 CHNLNUM;AFOWLNUM;AWAITPER;FRAMTIME;HDRMODE -jv3 1;2;6;0.10;F -ja3 N;N;N;N;S -ju3 0;0;0;0;0 -js3 cmask -jk4 CHNLNUM -jv4 1 -ja4 N -ju4 0 -js4 cmask -jk5 CHNLNUM -jv5 1 -ja5 N -ju5 0 -js5 cmask -jk6 CHNLNUM -jv6 1 -ja6 N -ju6 0 -jk7 CHNLNUM;AFOWLNUM;AWAITPER -jv7 1;2;6 -ja7 N;N;N -ju7 0;0;0 -jk8 CHNLNUM;AFOWLNUM;AWAITPER -jv8 1;2;6 -ja8 N;N;N -ju8 0;0;0 -e CALTRANSsciSUB 
******************************************************************

Online Namelist file descriptor associated
Online namelist buffer loaded: length = 7581

Warning !:  Ancillary file #1  with full suffix filename  '/sos/archive/fallbacks/IRAC003700/SUB_0.1s_0.1sf2d1r1_ch1_v2.0.0_dark_sigma.fits'  NOT in archive/sandbox !!.
Proceed to the next suffix fileprocessing .....

Warning !:  Ancillary file #2  with full suffix filename  '/sos/archive/fallbacks/IRAC003700/SUB_0.1s_0.1sf2d1r1_ch1_v2.0.0_dark_cmask.fits'  NOT in archive/sandbox !!.
Proceed to the next suffix fileprocessing .....

Warning !:  Ancillary-suffix file #1: '/scr6/S18.18.0/dlcaldata/irac/fb1341_SUB_0.1s_0.1sf2d1r1_ch1_v2.0.0_dark_sigma.fits'  could NOT be identified on cache.
Processing continues ..... 


Warning !:  Ancillary-suffix file #2: '/scr6/S18.18.0/dlcaldata/irac/fb1341_SUB_0.1s_0.1sf2d1r1_ch1_v2.0.0_dark_cmask.fits'  could NOT be identified on cache.
Processing continues ..... 


getcal_rule200:  NO qualified calibration file can be identified under RULE 200 with the following inputs:  

  caltype = 'skydark'   readoutmode = 'SUB'  sclk_obs =  979279499.8

that are combined with the following keyword-value filtering condition:

     '   (status  BETWEEN  1024  AND  8191)   AND   (    ( CHNLNUM  BETWEEN  1.000000  AND  1.000000)    AND    ( AFOWLNUM  BETWEEN  2.000000  AND  2.000000)    AND    ( AWAITPER  BETWEEN  6.000000  AND  6.000000)    AND    ( FRAMTIME  BETWEEN  0.100000  AND  0.100000)    AND    HDRMODE  =   'F'     )   '

getcal_rule300:  NO qualified 'closest-in-time LATE' calibration file can be identified under RULE 300 with the following inputs:  

  caltype = 'skydark'   readoutmode = 'SUB'  sclk_obs = 979279499.8

Warning !:  Ancillary file #1  with full suffix filename  '/sos/archive/fallbacks/IRAC005300/lincal_b1_sa_011410_cmask.fits'  NOT in archive/sandbox !!.
Proceed to the next suffix fileprocessing .....

Warning !:  Ancillary-suffix file #1: '/scr6/S18.18.0/dlcaldata/irac/fb1577_lincal_b1_sa_011410_cmask.fits'  could NOT be identified on cache.
Processing continues ..... 


Warning !:  Ancillary file #1  with full suffix filename  '/sos/archive/fallbacks/IRAC005700/irac_b1_sa_superskyflat_100426_cmask.fits'  NOT in archive/sandbox !!.
Proceed to the next suffix fileprocessing .....

Warning !:  Ancillary-suffix file #1: '/scr6/S18.18.0/dlcaldata/irac/fb1601_irac_b1_sa_superskyflat_100426_cmask.fits'  could NOT be identified on cache.
Processing continues ..... 

  Printing Log output to stdout...


Program CALTRANS, Version 4.0
Command-Line Namelist Filename  = cdf/pn107.nl
Command-Line Namelist Section = CALTRANSsciSUB
CalTrans Execution Mode  = 2
CalID = 6
Input Calibration Type list = pmask;labdark;skydark;lincal;sky_flat;fluxconv;muxbleed_lut;muxbleed_coeff
Input Calibration Rule list = 0;0;300;0;0;0;0;0
Input Generic Outfname list = pmask.fits;labdark.fits;skydark.fits;lincal.fits;skyflat.fits;fluxconv;muxbleed_lut;muxbleed_coeff
Science DCE Filename = tranhead.fits
CAL Destination Path = cal
Processing time: 0.230000 seconds
Current date/time: Wed Jan 19 22:27:04 2011
Program CALTRANS, version 4.0, terminated with status = 16

CalTrans exits with status = 16



caltrans   exit_value =  16    execution_time = 0.320s
******************************************************************
Pipeline executing insbposdom
insbposdom -i tranhead.fits -o insbposdom.fits 
******************************************************************
Pipeline Module INSBPOSDOM Version 1.1
Processing time Wed Jan 19 22:27:04 2011

Wed Jan 19 22:27:04 2011
Time = 0.020 seconds
exit code 0

insbposdom   exit_value =   0    execution_time = 0.050s
******************************************************************
Pipeline executing cvti2r4
cvti2r4 -i insbposdom.fits -a -0.25 -b 0 -d cal/dmask_for_raw.fits -o cvti2r4.fits -m row 
******************************************************************
 SIRTF I*2-to-R*4 Data Cube Conversion program vsn 1.31 A61025
 Input file:  insbposdom.fits
 Using offset =   -0.250000
 Using BLANK-fill value:   0
 Output file: cvti2r4.fits
 Missing-data pattern specified as rows

cvti2r4   exit_value =   0    execution_time = 0.240s
Image has barrel shift = 1
Computed truncation correction -0.5*(1-2^-ABARREL) = -0.25
******************************************************************
Pipeline executing hdrupd8
hdrupd8 cvti2r4.fits -a cdf/hdrupd8_cubify.dat -d cdf/hdrupd8_planify.dat 
******************************************************************
 hdrupd8 vsn 1.6  A70821
 WARNING: keyword to be deleted not found: NAXIS3  

hdrupd8   exit_value =   0    execution_time = 0.210s
******************************************************************
Pipeline executing hdrupd8
hdrupd8 dmask.fits -a cdf/hdrupd8_cubify.dat -d cdf/hdrupd8_planify.dat 
******************************************************************
 hdrupd8 vsn 1.6  A70821
 WARNING: keyword to be deleted not found: NAXIS3  

hdrupd8   exit_value =   0    execution_time = 0.230s
******************************************************************
Pipeline executing iracwrapdet1
iracwrapdet1 -i cvti2r4.fits -n cdf/pn107.nl -p cal/pmask.fits -d dmask.fits -w wmask.fits -v 
******************************************************************
Pipeline Module IRACWRAPDET1 Version 1.3
Processing time Wed Jan 19 22:27:07 2011
iracwrapdet1_parse_args: Namelist File = 	cdf/pn107.nl
iracwrapdet1_parse_args: Pmask File = 	cal/pmask.fits
iracwrapdet1_parse_args: Dmask File = 	dmask.fits
iracwrapdet1_parse_args: Wmask File = 	wmask.fits
iracwrapdet1_parse_args: Input File = 	cvti2r4.fits
iracwrapdet1_parse_args: I_Verbose = 			1
iracwrapdet1_read_data: Data read from file:
cvti2r4.fits
iracwrapdet1_read_data: I_NX = 32
iracwrapdet1_read_data: I_NY = 32
iracwrapdet1_read_data: I_NZ = 64
iracwrapdet1_parse_namelist: Namelist File = 	cdf/pn107.nl
iracwrapdet1_compute_results: Numerical Computations finished
Wed Jan 19 22:27:07 2011
iracwrapdet1_output: Results written to file(s).
Time = 0.020 seconds
iracwrapdet1_error_handler: Error Handler finished.
iracwrapdet1_exit: Memory Deallocated.
exit code 0

iracwrapdet1   exit_value =   0    execution_time = 0.050s
******************************************************************
Pipeline executing iracwrapdet2
iracwrapdet2 -i cvti2r4.fits -n cdf/pn107.nl -p cal/pmask.fits -d dmask.fits -w wmask.fits -a /sos/sw/S18.18.0/STUDIO/downlink/include 
******************************************************************

Program iracwrapdet2, Version 1.4
Namelist File  = cdf/pn107.nl
FITS Input Image = cvti2r4.fits
Pmask File = cal/pmask.fits
Dmask File = dmask.fits
Wmask File = mask.fits
M-Level       chan1     chan2     chan3     chan4
            55000.0   55000.0   55000.0   55000.0
Tolerance     chan1     chan2     chan3     chan4
             1200.0    1200.0    1200.0    1200.0
Pmask Maximum = 65535
Dmask Maximum = 65535
Ancillary Data-File Path = /sos/sw/S18.18.0/STUDIO/downlink/include
Verbose flag = 0
Super-verbose flag = 0
Debug flag = 0
iracwrapdet2 Status Message      0x0000
Normal exit from Function 0x0000: LOG_WRITER
Processing time: 0.460000 seconds
Current date/time: Wed Jan 19 22:27:08 2011
Program iracwrapdet2, version 1.4, terminated


iracwrapdet2   exit_value =   0    execution_time = 0.490s
******************************************************************
Pipeline executing iracwrapcorr
iracwrapcorr -i cvti2r4.fits -p cal/pmask.fits -d dmask.fits -w wmask.fits -o iracwrapcorr.fits 
******************************************************************
Pipeline Module IRACWRAPCORR Version 1.3
Processing time Wed Jan 19 22:27:08 2011
iracwrapcorr_parse_namelist: Information only: Namelist not specified.
Wed Jan 19 22:27:08 2011
Time = 0.030 seconds
exit code 0

iracwrapcorr   exit_value =   0    execution_time = 0.060s
******************************************************************
Pipeline executing iracnorm
iracnorm -i iracwrapcorr.fits -p cal/pmask.fits -d dmask.fits -o iracnorm.fits 
******************************************************************
Pipeline Module IRACWNORM Version 1.10
Processing time Wed Jan 19 22:27:09 2011

Wed Jan 19 22:27:09 2011
Time = 0.030 seconds
exit code 0

iracnorm   exit_value =   0    execution_time = 0.070s
******************************************************************
Pipeline executing iracebwc
iracebwc -i iracnorm.fits -n cdf/pn107.nl -p cal/pmask.fits -d dmask.fits -o iracebwc.fits 
******************************************************************
Pipeline Module IRACEBWC Version 1.2
Processing time Wed Jan 19 22:27:09 2011

Wed Jan 19 22:27:09 2011
Time = 0.030 seconds
exit code 0

iracebwc   exit_value =   0    execution_time = 0.060s
HDR mode   =  f
AOR Template Time     =  0.1
DCE Frame Time    =  0.10
EXTRpt     =  8120
Frame NOBF =  -99
From sub determine_delays:
   aottime = 0.1
   aordelay = 35.2705679780655
   stellarmode = f
   expid=0
imdly = 35.2705679780655
frmdly = 35.2705679780655

Immed  Delay = 35.2705679780655
Frame  Delay = 35.2705679780655

 hdrupd8 vsn 1.6  A70821
 hdrupd8 vsn 1.6  A70821
 hdrupd8 vsn 1.6  A70821
 hdrupd8 vsn 1.6  A70821
 hdrupd8 vsn 1.6  A70821
 hdrupd8 vsn 1.6  A70821
 hdrupd8 vsn 1.6  A70821
******************************************************************
Pipeline executing darksubng
darksubng -i iracebwc.fits -a /sos/sw/S18.18.0/STUDIO/downlink/include -p cal/pmask.fits -d dmask.fits -o labdarksub.fits -cc cal/labdark.fits -v 
******************************************************************
/sos/sw/S18.18.0/STUDIO/downlink/bin/darksubng: namelist not given
/sos/sw/S18.18.0/STUDIO/downlink/bin/darksubng: input uncertainty image not given
/sos/sw/S18.18.0/STUDIO/downlink/bin/darksubng: output uncertainty image not given
/sos/sw/S18.18.0/STUDIO/downlink/bin/darksubng: WARNING no uncertainty calculations will be performed
/sos/sw/S18.18.0/STUDIO/downlink/bin/darksubng: Namelist               = []
/sos/sw/S18.18.0/STUDIO/downlink/bin/darksubng: Input image            = [iracebwc.fits]
/sos/sw/S18.18.0/STUDIO/downlink/bin/darksubng: Input uncertainty      = []
/sos/sw/S18.18.0/STUDIO/downlink/bin/darksubng: Output image           = [!labdarksub.fits]
/sos/sw/S18.18.0/STUDIO/downlink/bin/darksubng: Output uncertainty     = []
/sos/sw/S18.18.0/STUDIO/downlink/bin/darksubng: Dark                   = [cal/labdark.fits]
/sos/sw/S18.18.0/STUDIO/downlink/bin/darksubng: Pmask file             = [cal/pmask.fits]
/sos/sw/S18.18.0/STUDIO/downlink/bin/darksubng: Pmask fatality bitmask = [65536]
/sos/sw/S18.18.0/STUDIO/downlink/bin/darksubng: Dmask file             = [dmask.fits]
/sos/sw/S18.18.0/STUDIO/downlink/bin/darksubng: Dmask fatality bitmask = [65536]
/sos/sw/S18.18.0/STUDIO/downlink/bin/darksubng: Cmask file             = []
/sos/sw/S18.18.0/STUDIO/downlink/bin/darksubng: Cmask fatality bitmask = [65536]
/sos/sw/S18.18.0/STUDIO/downlink/bin/darksubng: Logfile                = []
/sos/sw/S18.18.0/STUDIO/downlink/bin/darksubng: Ancillary Path         = [/sos/sw/S18.18.0/STUDIO/downlink/include]
/sos/sw/S18.18.0/STUDIO/downlink/bin/darksubng: Uncertainty calculations will not be made
/sos/sw/S18.18.0/STUDIO/downlink/bin/darksubng: WARNING cal/labdark.fits has no BUNIT key
/sos/sw/S18.18.0/STUDIO/downlink/bin/darksubng: WARNING assuming cal/labdark.fits is in DN
/sos/sw/S18.18.0/STUDIO/downlink/bin/darksubng: WARNING cal/labdark.fits has no EXPTIME key
/sos/sw/S18.18.0/STUDIO/downlink/bin/darksubng: WARNING cal/labdark.fits has no GAIN keywords
/sos/sw/S18.18.0/STUDIO/downlink/bin/darksubng: compute - performing any unit conversions
/sos/sw/S18.18.0/STUDIO/downlink/bin/darksubng: compute - starting subtraction with masking 
/sos/sw/S18.18.0/STUDIO/downlink/bin/darksubng: Processing successful; Exiting

darksubng   exit_value =   0    execution_time = 0.110s
READ Noise !! =  16.9
******************************************************************
Pipeline executing snestimator
snestimator -i labdarksub.fits -n cdf/pn107.nl -a /sos/sw/S18.18.0/STUDIO/downlink/include -p cal/pmask.fits -d dmask.fits -on sig_snestimator.fits -g 3.70 -r 16.9 
******************************************************************
verbose 0

Program SNESTIMATOR, Version 1.5
Namelist File  = cdf/pn107.nl
Input FITS Image = labdarksub.fits
Noise Image = sig_snestimator.fits
Denominator type = IRAC_MODEL
Edge Pixels Excluded = 0
Gain Channel 1 = 3.700000 Channel 2 = 3.700000 Channel 3 = 3.700000 Channel 4 = 3.700000
Read Noise = 16.900000
Confusion Sigma = 0.000000
Ancillary Data-File Path = /sos/sw/S18.18.0/STUDIO/downlink/include
Verbose flag = 0
Super-verbose flag = 0
Debug flag = 0
snestimator Status Message      0x0000
Normal exit from Function 0x0000: LOG_WRITER
Processing time: 0.080000 seconds
Current date/time: Wed Jan 19 22:27:31 2011
Program SNESTIMATOR, version 1.5, terminated


snestimator   exit_value =   0    execution_time = 0.140s
******************************************************************
Pipeline executing darksubng
darksubng -i iracebwc.fits -iu sig_snestimator.fits -a /sos/sw/S18.18.0/STUDIO/downlink/include -p cal/pmask.fits -d dmask.fits -o labdarksub.fits -ou sig_labdarksub.fits -cc cal/labdark.fits -v 
******************************************************************
/sos/sw/S18.18.0/STUDIO/downlink/bin/darksubng: namelist not given
/sos/sw/S18.18.0/STUDIO/downlink/bin/darksubng: Namelist               = []
/sos/sw/S18.18.0/STUDIO/downlink/bin/darksubng: Input image            = [iracebwc.fits]
/sos/sw/S18.18.0/STUDIO/downlink/bin/darksubng: Input uncertainty      = [sig_snestimator.fits]
/sos/sw/S18.18.0/STUDIO/downlink/bin/darksubng: Output image           = [!labdarksub.fits]
/sos/sw/S18.18.0/STUDIO/downlink/bin/darksubng: Output uncertainty     = [!sig_labdarksub.fits]
/sos/sw/S18.18.0/STUDIO/downlink/bin/darksubng: Dark                   = [cal/labdark.fits]
/sos/sw/S18.18.0/STUDIO/downlink/bin/darksubng: Pmask file             = [cal/pmask.fits]
/sos/sw/S18.18.0/STUDIO/downlink/bin/darksubng: Pmask fatality bitmask = [65536]
/sos/sw/S18.18.0/STUDIO/downlink/bin/darksubng: Dmask file             = [dmask.fits]
/sos/sw/S18.18.0/STUDIO/downlink/bin/darksubng: Dmask fatality bitmask = [65536]
/sos/sw/S18.18.0/STUDIO/downlink/bin/darksubng: Cmask file             = []
/sos/sw/S18.18.0/STUDIO/downlink/bin/darksubng: Cmask fatality bitmask = [65536]
/sos/sw/S18.18.0/STUDIO/downlink/bin/darksubng: Logfile                = []
/sos/sw/S18.18.0/STUDIO/downlink/bin/darksubng: Ancillary Path         = [/sos/sw/S18.18.0/STUDIO/downlink/include]
/sos/sw/S18.18.0/STUDIO/downlink/bin/darksubng: Uncertainty calculations will be made
/sos/sw/S18.18.0/STUDIO/downlink/bin/darksubng: WARNING cal/labdark.fits has no BUNIT key
/sos/sw/S18.18.0/STUDIO/downlink/bin/darksubng: WARNING assuming cal/labdark.fits is in DN
/sos/sw/S18.18.0/STUDIO/downlink/bin/darksubng: WARNING cal/labdark.fits has no EXPTIME key
/sos/sw/S18.18.0/STUDIO/downlink/bin/darksubng: WARNING cal/labdark.fits has no GAIN keywords
/sos/sw/S18.18.0/STUDIO/downlink/bin/darksubng: compute - performing any unit conversions
/sos/sw/S18.18.0/STUDIO/downlink/bin/darksubng: compute - starting subtraction with masking 
/sos/sw/S18.18.0/STUDIO/downlink/bin/darksubng: Processing successful; Exiting

darksubng   exit_value =   0    execution_time = 0.150s
******************************************************************
Pipeline executing fowlinearize
fowlinearize -i1 labdarksub.fits -i3 sig_labdarksub.fits -n cdf/pn107.nl -a /sos/sw/S18.18.0/STUDIO/downlink/include -ip cal/pmask.fits -i2 cal/lincal.fits -id dmask.fits -o1 fowlinearize.fits -o2 sig_fowlinearize.fits -c 10 
******************************************************************

Program FOWLINEARIZE, Version 4.9
Namelist File  = cdf/pn107.nl
Input File 1 = labdarksub.fits
Input File 2 = cal/lincal.fits
Input File 3 = sig_labdarksub.fits
Model_Flag(1=quad. 2=cubic) = 1
Clock_Readout(10=sub-array, 200=full-array) = 10.000000
Input PMask Image = cal/pmask.fits
Unusable PMask Bits = 16384
Input DMask Image = dmask.fits
Unusable DMask Bits = 8192
Not-linearized DMask Bit = 4096
Not-linearized DMask Bit due to lincal-model saturation = 8192
Output File 1 = fowlinearize.fits
Output File 2 = sig_fowlinearize.fits
Ancillary Data-File Path = /sos/sw/S18.18.0/STUDIO/downlink/include
Verbose flag = 0
Super-verbose flag = 0
Debug flag = 0
Performed linearity correction.
Program fowlinearize: Status Message: 0x0000
Normal exit from Function 0x0000: LOG_WRITER
Processing time: 0.240000 seconds
Current date/time: Wed Jan 19 22:27:32 2011
Program FOWLINEARIZE, version 4.9, terminated.

fowlinearize   exit_value =   0    execution_time = 0.310s
Read Noise =  16.9
 hdrupd8 vsn 1.6  A70821
******************************************************************
Pipeline executing bgmodel
bgmodel -i fowlinearize.fits -n cdf/pn107.nl -h 
******************************************************************

Online Namelist file descriptor associated
Online namelist buffer loaded: length = 7581
bgmodel_log_writer: Printing Log output to stdout
bgmodel  Version 1.0
Namelist File  = cdf/pn107.nl
Input Image = fowlinearize.fits
Ephemeris = /scr6/S18.18.0/cdf/spice/sirtf.bsp
LeapSec Kernel = /scr6/S18.18.0/cdf/spice/leapseconds.ker
SPK Kernel = /scr6/S18.18.0/cdf/spice/de.bsp

bgmodel  Status Message      0x0000: No error.
Time = 0.060 seconds

Background exits with status = 0


bgmodel   exit_value =   0    execution_time = 0.100s
******************************************************************
Pipeline executing hdrupd8
hdrupd8 fowlinearize.fits -a addkeys.dat 
******************************************************************
 hdrupd8 vsn 1.6  A70821

hdrupd8   exit_value =   0    execution_time = 0.250s
SkyDk Med DN      = 60.76723 
Exposure time     = 0.08
SkyDk Med DN rate = 759.590375
Flux Conv         = 0.1253 
SkyDk Med Flux    = 95.1766739875
Image File = fowlinearize.fits 

 hdrupd8 vsn 1.6  A70821
 hdrupd8 vsn 1.6  A70821
 hdrupd8 vsn 1.6  A70821
 hdrupd8 vsn 1.6  A70821
 hdrupd8 vsn 1.6  A70821
******************************************************************
Pipeline executing darksubng
darksubng -i fowlinearize.fits -iu sig_fowlinearize.fits -a /sos/sw/S18.18.0/STUDIO/downlink/include -p cal/pmask.fits -d dmask.fits -o skydarksub.fits -ou sig_skydarksub.fits -cc cal/skydark.fits -v -c cal/skydark_cmask.fits 
******************************************************************
/sos/sw/S18.18.0/STUDIO/downlink/bin/darksubng: namelist not given
/sos/sw/S18.18.0/STUDIO/downlink/bin/darksubng: Namelist               = []
/sos/sw/S18.18.0/STUDIO/downlink/bin/darksubng: Input image            = [fowlinearize.fits]
/sos/sw/S18.18.0/STUDIO/downlink/bin/darksubng: Input uncertainty      = [sig_fowlinearize.fits]
/sos/sw/S18.18.0/STUDIO/downlink/bin/darksubng: Output image           = [!skydarksub.fits]
/sos/sw/S18.18.0/STUDIO/downlink/bin/darksubng: Output uncertainty     = [!sig_skydarksub.fits]
/sos/sw/S18.18.0/STUDIO/downlink/bin/darksubng: Dark                   = [cal/skydark.fits]
/sos/sw/S18.18.0/STUDIO/downlink/bin/darksubng: Pmask file             = [cal/pmask.fits]
/sos/sw/S18.18.0/STUDIO/downlink/bin/darksubng: Pmask fatality bitmask = [65536]
/sos/sw/S18.18.0/STUDIO/downlink/bin/darksubng: Dmask file             = [dmask.fits]
/sos/sw/S18.18.0/STUDIO/downlink/bin/darksubng: Dmask fatality bitmask = [65536]
/sos/sw/S18.18.0/STUDIO/downlink/bin/darksubng: Cmask file             = [cal/skydark_cmask.fits]
/sos/sw/S18.18.0/STUDIO/downlink/bin/darksubng: Cmask fatality bitmask = [65536]
/sos/sw/S18.18.0/STUDIO/downlink/bin/darksubng: Logfile                = []
/sos/sw/S18.18.0/STUDIO/downlink/bin/darksubng: Ancillary Path         = [/sos/sw/S18.18.0/STUDIO/downlink/include]
/sos/sw/S18.18.0/STUDIO/downlink/bin/darksubng: Uncertainty calculations will be made
/sos/sw/S18.18.0/STUDIO/downlink/bin/darksubng: compute - performing any unit conversions
/sos/sw/S18.18.0/STUDIO/downlink/bin/darksubng: compute - starting subtraction with masking 
/sos/sw/S18.18.0/STUDIO/downlink/bin/darksubng: Processing successful; Exiting

darksubng   exit_value =   0    execution_time = 0.150s
******************************************************************
Pipeline executing darkdrift
darkdrift -i skydarksub.fits -iu sig_skydarksub.fits -n cdf/pn107.nl -a /sos/sw/S18.18.0/STUDIO/downlink/include -o1 darkdrift.fits -o2 darkdriftcorr.fits -o3 darkdrift.tbl -ou sig_darkdrift.fits 
******************************************************************
Program darkdrift, Version 4.1
Namelist File  = cdf/pn107.nl
Input Image = skydarksub.fits
Input Uncertainty Image = sig_skydarksub.fits
Output Image 1 (corrected image) = darkdrift.fits
Output Image 2 (corrections) = darkdriftcorr.fits
Output Image 3 (uncertainties) = sig_darkdrift.fits
Output File 3 = darkdrift.tbl
Central fraction for trimmed average  = 0.900000
Central fraction for trimmed std. dev. = 0.900000
Time_Input = 0.250000
Time_Before = 0.000000
Time_After = 1.000000
Temp_Input = 270.000000
Temp_Before = 280.000000
Temp_After = 260.000000
Calculation Type = 1
Input-Image Transpose Flag = 1
Multiplicative-Correction Flag (Additive if zero) = 0
Readout Channel to exclude (none if zero) = 0
Data-Plane Flag = 1
Ancillary Data-File Path = /sos/sw/S18.18.0/STUDIO/downlink/include
Verbose flag = 0
Super-verbose flag = 0
Debug flag = 0
Dark-current offsets estimated from input image.

Detailed darkdrift calculational results:
...for data plane = 1
Darkdrift correction for readout-channel 1 = 0.469802
Darkdrift correction for readout-channel 2 = -0.524522
Darkdrift correction for readout-channel 3 = -0.006565
Darkdrift correction for readout-channel 4 = 0.061284
Darkdrift uncertainty for readout-channel 1 = 0.447662
Darkdrift uncertainty for readout-channel 2 = 0.447549
Darkdrift uncertainty for readout-channel 3 = 0.447568
Darkdrift uncertainty for readout-channel 4 = 0.374408
Trimmed average of values in readout-channel 1 = 10.491110
Trimmed average of values in readout-channel 2 = 9.496786
Trimmed average of values in readout-channel 3 = 10.014743
Trimmed average of values in readout-channel 4 = 10.082592
Darkdrift background term = 10.021308
...for data plane = 2
Darkdrift correction for readout-channel 1 = 0.161310
Darkdrift correction for readout-channel 2 = -0.136158
Darkdrift correction for readout-channel 3 = -0.411752
Darkdrift correction for readout-channel 4 = 0.386599
Darkdrift uncertainty for readout-channel 1 = 0.410536
Darkdrift uncertainty for readout-channel 2 = 0.374649
Darkdrift uncertainty for readout-channel 3 = 0.373001
Darkdrift uncertainty for readout-channel 4 = 0.447442
Trimmed average of values in readout-channel 1 = 8.892538
Trimmed average of values in readout-channel 2 = 8.595070
Trimmed average of values in readout-channel 3 = 8.319476
Trimmed average of values in readout-channel 4 = 9.117827
Darkdrift background term = 8.731228
...for data plane = 3
Darkdrift correction for readout-channel 1 = -0.802925
Darkdrift correction for readout-channel 2 = 0.216562
Darkdrift correction for readout-channel 3 = -0.011881
Darkdrift correction for readout-channel 4 = 0.598244
Darkdrift uncertainty for readout-channel 1 = 0.374542
Darkdrift uncertainty for readout-channel 2 = 0.374102
Darkdrift uncertainty for readout-channel 3 = 0.449767
Darkdrift uncertainty for readout-channel 4 = 0.372865
Trimmed average of values in readout-channel 1 = 7.713878
Trimmed average of values in readout-channel 2 = 8.733365
Trimmed average of values in readout-channel 3 = 8.504922
Trimmed average of values in readout-channel 4 = 9.115047
Darkdrift background term = 8.516803
...for data plane = 4
Darkdrift correction for readout-channel 1 = -0.412627
Darkdrift correction for readout-channel 2 = 0.330024
Darkdrift correction for readout-channel 3 = 0.470368
Darkdrift correction for readout-channel 4 = -0.387765
Darkdrift uncertainty for readout-channel 1 = 0.373047
Darkdrift uncertainty for readout-channel 2 = 0.445901
Darkdrift uncertainty for readout-channel 3 = 0.447377
Darkdrift uncertainty for readout-channel 4 = 0.446838
Trimmed average of values in readout-channel 1 = 8.611869
Trimmed average of values in readout-channel 2 = 9.354520
Trimmed average of values in readout-channel 3 = 9.494864
Trimmed average of values in readout-channel 4 = 8.636731
Darkdrift background term = 9.024496
...for data plane = 5
Darkdrift correction for readout-channel 1 = 0.106127
Darkdrift correction for readout-channel 2 = 0.013621
Darkdrift correction for readout-channel 3 = -0.320527
Darkdrift correction for readout-channel 4 = 0.200778
Darkdrift uncertainty for readout-channel 1 = 0.447292
Darkdrift uncertainty for readout-channel 2 = 0.373498
Darkdrift uncertainty for readout-channel 3 = 0.446918
Darkdrift uncertainty for readout-channel 4 = 0.447484
Trimmed average of values in readout-channel 1 = 8.996772
Trimmed average of values in readout-channel 2 = 8.904266
Trimmed average of values in readout-channel 3 = 8.570118
Trimmed average of values in readout-channel 4 = 9.091423
Darkdrift background term = 8.890645
...for data plane = 6
Darkdrift correction for readout-channel 1 = -0.205748
Darkdrift correction for readout-channel 2 = 0.616149
Darkdrift correction for readout-channel 3 = -0.078715
Darkdrift correction for readout-channel 4 = -0.331687
Darkdrift uncertainty for readout-channel 1 = 0.446046
Darkdrift uncertainty for readout-channel 2 = 0.373701
Darkdrift uncertainty for readout-channel 3 = 0.447483
Darkdrift uncertainty for readout-channel 4 = 0.373046
Trimmed average of values in readout-channel 1 = 8.804603
Trimmed average of values in readout-channel 2 = 9.626501
Trimmed average of values in readout-channel 3 = 8.931637
Trimmed average of values in readout-channel 4 = 8.678664
Darkdrift background term = 9.010351
...for data plane = 7
Darkdrift correction for readout-channel 1 = -0.052277
Darkdrift correction for readout-channel 2 = -0.602654
Darkdrift correction for readout-channel 3 = 0.623368
Darkdrift correction for readout-channel 4 = 0.031563
Darkdrift uncertainty for readout-channel 1 = 0.374817
Darkdrift uncertainty for readout-channel 2 = 0.373407
Darkdrift uncertainty for readout-channel 3 = 0.447598
Darkdrift uncertainty for readout-channel 4 = 0.449538
Trimmed average of values in readout-channel 1 = 9.318422
Trimmed average of values in readout-channel 2 = 8.768045
Trimmed average of values in readout-channel 3 = 9.994067
Trimmed average of values in readout-channel 4 = 9.402262
Darkdrift background term = 9.370699
...for data plane = 8
Darkdrift correction for readout-channel 1 = 0.157165
Darkdrift correction for readout-channel 2 = -0.052385
Darkdrift correction for readout-channel 3 = 0.098885
Darkdrift correction for readout-channel 4 = -0.203665
Darkdrift uncertainty for readout-channel 1 = 0.382522
Darkdrift uncertainty for readout-channel 2 = 0.448812
Darkdrift uncertainty for readout-channel 3 = 0.375440
Darkdrift uncertainty for readout-channel 4 = 0.373125
Trimmed average of values in readout-channel 1 = 9.357164
Trimmed average of values in readout-channel 2 = 9.147615
Trimmed average of values in readout-channel 3 = 9.298885
Trimmed average of values in readout-channel 4 = 8.996335
Darkdrift background term = 9.200000
...for data plane = 9
Darkdrift correction for readout-channel 1 = -0.376220
Darkdrift correction for readout-channel 2 = 0.121732
Darkdrift correction for readout-channel 3 = 0.355497
Darkdrift correction for readout-channel 4 = -0.101010
Darkdrift uncertainty for readout-channel 1 = 0.373801
Darkdrift uncertainty for readout-channel 2 = 0.447592
Darkdrift uncertainty for readout-channel 3 = 0.447505
Darkdrift uncertainty for readout-channel 4 = 0.372874
Trimmed average of values in readout-channel 1 = 8.566977
Trimmed average of values in readout-channel 2 = 9.064929
Trimmed average of values in readout-channel 3 = 9.298694
Trimmed average of values in readout-channel 4 = 8.842186
Darkdrift background term = 8.943196
...for data plane = 10
Darkdrift correction for readout-channel 1 = 0.155083
Darkdrift correction for readout-channel 2 = 0.215512
Darkdrift correction for readout-channel 3 = -0.392760
Darkdrift correction for readout-channel 4 = 0.022165
Darkdrift uncertainty for readout-channel 1 = 0.372984
Darkdrift uncertainty for readout-channel 2 = 0.373769
Darkdrift uncertainty for readout-channel 3 = 0.447781
Darkdrift uncertainty for readout-channel 4 = 0.446715
Trimmed average of values in readout-channel 1 = 8.469551
Trimmed average of values in readout-channel 2 = 8.529980
Trimmed average of values in readout-channel 3 = 7.921708
Trimmed average of values in readout-channel 4 = 8.336634
Darkdrift background term = 8.314468
...for data plane = 11
Darkdrift correction for readout-channel 1 = -0.599588
Darkdrift correction for readout-channel 2 = -0.160490
Darkdrift correction for readout-channel 3 = 0.877810
Darkdrift correction for readout-channel 4 = -0.117732
Darkdrift uncertainty for readout-channel 1 = 0.374620
Darkdrift uncertainty for readout-channel 2 = 0.374376
Darkdrift uncertainty for readout-channel 3 = 0.447310
Darkdrift uncertainty for readout-channel 4 = 0.447423
Trimmed average of values in readout-channel 1 = 7.657627
Trimmed average of values in readout-channel 2 = 8.096725
Trimmed average of values in readout-channel 3 = 9.135025
Trimmed average of values in readout-channel 4 = 8.139483
Darkdrift background term = 8.257215
...for data plane = 12
Darkdrift correction for readout-channel 1 = 0.643252
Darkdrift correction for readout-channel 2 = 0.011242
Darkdrift correction for readout-channel 3 = -0.575911
Darkdrift correction for readout-channel 4 = -0.078583
Darkdrift uncertainty for readout-channel 1 = 0.447619
Darkdrift uncertainty for readout-channel 2 = 0.447638
Darkdrift uncertainty for readout-channel 3 = 0.447468
Darkdrift uncertainty for readout-channel 4 = 0.373016
Trimmed average of values in readout-channel 1 = 8.913118
Trimmed average of values in readout-channel 2 = 8.281108
Trimmed average of values in readout-channel 3 = 7.693955
Trimmed average of values in readout-channel 4 = 8.191283
Darkdrift background term = 8.269866
...for data plane = 13
Darkdrift correction for readout-channel 1 = 0.501143
Darkdrift correction for readout-channel 2 = -0.342799
Darkdrift correction for readout-channel 3 = -0.116829
Darkdrift correction for readout-channel 4 = -0.041515
Darkdrift uncertainty for readout-channel 1 = 0.447324
Darkdrift uncertainty for readout-channel 2 = 0.446656
Darkdrift uncertainty for readout-channel 3 = 0.372976
Darkdrift uncertainty for readout-channel 4 = 0.373943
Trimmed average of values in readout-channel 1 = 9.244911
Trimmed average of values in readout-channel 2 = 8.400970
Trimmed average of values in readout-channel 3 = 8.626940
Trimmed average of values in readout-channel 4 = 8.702253
Darkdrift background term = 8.743769
...for data plane = 14
Darkdrift correction for readout-channel 1 = 0.148695
Darkdrift correction for readout-channel 2 = 0.500835
Darkdrift correction for readout-channel 3 = -0.263261
Darkdrift correction for readout-channel 4 = -0.386269
Darkdrift uncertainty for readout-channel 1 = 0.373487
Darkdrift uncertainty for readout-channel 2 = 0.373480
Darkdrift uncertainty for readout-channel 3 = 0.447338
Darkdrift uncertainty for readout-channel 4 = 0.447442
Trimmed average of values in readout-channel 1 = 8.811293
Trimmed average of values in readout-channel 2 = 9.163433
Trimmed average of values in readout-channel 3 = 8.399337
Trimmed average of values in readout-channel 4 = 8.276329
Darkdrift background term = 8.662598
...for data plane = 15
Darkdrift correction for readout-channel 1 = -0.191998
Darkdrift correction for readout-channel 2 = -0.117915
Darkdrift correction for readout-channel 3 = 0.256797
Darkdrift correction for readout-channel 4 = 0.053115
Darkdrift uncertainty for readout-channel 1 = 0.412058
Darkdrift uncertainty for readout-channel 2 = 0.448730
Darkdrift uncertainty for readout-channel 3 = 0.447416
Darkdrift uncertainty for readout-channel 4 = 0.447664
Trimmed average of values in readout-channel 1 = 9.072826
Trimmed average of values in readout-channel 2 = 9.146909
Trimmed average of values in readout-channel 3 = 9.521621
Trimmed average of values in readout-channel 4 = 9.317938
Darkdrift background term = 9.264823
...for data plane = 16
Darkdrift correction for readout-channel 1 = -0.328581
Darkdrift correction for readout-channel 2 = 0.148340
Darkdrift correction for readout-channel 3 = -0.018361
Darkdrift correction for readout-channel 4 = 0.198602
Darkdrift uncertainty for readout-channel 1 = 0.520767
Darkdrift uncertainty for readout-channel 2 = 0.447464
Darkdrift uncertainty for readout-channel 3 = 0.447538
Darkdrift uncertainty for readout-channel 4 = 0.447009
Trimmed average of values in readout-channel 1 = 8.914333
Trimmed average of values in readout-channel 2 = 9.391254
Trimmed average of values in readout-channel 3 = 9.224553
Trimmed average of values in readout-channel 4 = 9.441516
Darkdrift background term = 9.242914
...for data plane = 17
Darkdrift correction for readout-channel 1 = -0.259079
Darkdrift correction for readout-channel 2 = 0.526146
Darkdrift correction for readout-channel 3 = 0.804691
Darkdrift correction for readout-channel 4 = -1.071758
Darkdrift uncertainty for readout-channel 1 = 0.372789
Darkdrift uncertainty for readout-channel 2 = 0.447477
Darkdrift uncertainty for readout-channel 3 = 0.373305
Darkdrift uncertainty for readout-channel 4 = 0.445882
Trimmed average of values in readout-channel 1 = 8.608051
Trimmed average of values in readout-channel 2 = 9.393276
Trimmed average of values in readout-channel 3 = 9.671821
Trimmed average of values in readout-channel 4 = 7.795372
Darkdrift background term = 8.867130
...for data plane = 18
Darkdrift correction for readout-channel 1 = -0.387122
Darkdrift correction for readout-channel 2 = 0.115273
Darkdrift correction for readout-channel 3 = 0.421657
Darkdrift correction for readout-channel 4 = -0.149808
Darkdrift uncertainty for readout-channel 1 = 0.447304
Darkdrift uncertainty for readout-channel 2 = 0.373809
Darkdrift uncertainty for readout-channel 3 = 0.447294
Darkdrift uncertainty for readout-channel 4 = 0.447591
Trimmed average of values in readout-channel 1 = 8.253131
Trimmed average of values in readout-channel 2 = 8.755527
Trimmed average of values in readout-channel 3 = 9.061910
Trimmed average of values in readout-channel 4 = 8.490446
Darkdrift background term = 8.640253
...for data plane = 19
Darkdrift correction for readout-channel 1 = -0.316436
Darkdrift correction for readout-channel 2 = -0.380903
Darkdrift correction for readout-channel 3 = 0.554809
Darkdrift correction for readout-channel 4 = 0.142529
Darkdrift uncertainty for readout-channel 1 = 0.522064
Darkdrift uncertainty for readout-channel 2 = 0.373205
Darkdrift uncertainty for readout-channel 3 = 0.448196
Darkdrift uncertainty for readout-channel 4 = 0.372919
Trimmed average of values in readout-channel 1 = 7.669605
Trimmed average of values in readout-channel 2 = 7.605138
Trimmed average of values in readout-channel 3 = 8.540850
Trimmed average of values in readout-channel 4 = 8.128570
Darkdrift background term = 7.986041
...for data plane = 20
Darkdrift correction for readout-channel 1 = -0.438526
Darkdrift correction for readout-channel 2 = 0.187228
Darkdrift correction for readout-channel 3 = 0.348843
Darkdrift correction for readout-channel 4 = -0.097545
Darkdrift uncertainty for readout-channel 1 = 0.447206
Darkdrift uncertainty for readout-channel 2 = 0.447622
Darkdrift uncertainty for readout-channel 3 = 0.448046
Darkdrift uncertainty for readout-channel 4 = 0.447216
Trimmed average of values in readout-channel 1 = 7.733824
Trimmed average of values in readout-channel 2 = 8.359578
Trimmed average of values in readout-channel 3 = 8.521193
Trimmed average of values in readout-channel 4 = 8.074805
Darkdrift background term = 8.172350
...for data plane = 21
Darkdrift correction for readout-channel 1 = 0.120480
Darkdrift correction for readout-channel 2 = -0.112747
Darkdrift correction for readout-channel 3 = -0.301225
Darkdrift correction for readout-channel 4 = 0.293492
Darkdrift uncertainty for readout-channel 1 = 0.373954
Darkdrift uncertainty for readout-channel 2 = 0.447309
Darkdrift uncertainty for readout-channel 3 = 0.447449
Darkdrift uncertainty for readout-channel 4 = 0.447541
Trimmed average of values in readout-channel 1 = 8.132929
Trimmed average of values in readout-channel 2 = 7.899702
Trimmed average of values in readout-channel 3 = 7.711224
Trimmed average of values in readout-channel 4 = 8.305941
Darkdrift background term = 8.012449
...for data plane = 22
Darkdrift correction for readout-channel 1 = -0.241322
Darkdrift correction for readout-channel 2 = 0.391849
Darkdrift correction for readout-channel 3 = -0.171444
Darkdrift correction for readout-channel 4 = 0.020916
Darkdrift uncertainty for readout-channel 1 = 0.373620
Darkdrift uncertainty for readout-channel 2 = 0.446918
Darkdrift uncertainty for readout-channel 3 = 0.448151
Darkdrift uncertainty for readout-channel 4 = 0.373616
Trimmed average of values in readout-channel 1 = 7.905464
Trimmed average of values in readout-channel 2 = 8.538636
Trimmed average of values in readout-channel 3 = 7.975343
Trimmed average of values in readout-channel 4 = 8.167703
Darkdrift background term = 8.146787
...for data plane = 23
Darkdrift correction for readout-channel 1 = -0.193490
Darkdrift correction for readout-channel 2 = -0.150311
Darkdrift correction for readout-channel 3 = 0.143720
Darkdrift correction for readout-channel 4 = 0.200081
Darkdrift uncertainty for readout-channel 1 = 0.447550
Darkdrift uncertainty for readout-channel 2 = 0.446038
Darkdrift uncertainty for readout-channel 3 = 0.448642
Darkdrift uncertainty for readout-channel 4 = 0.373527
Trimmed average of values in readout-channel 1 = 8.314197
Trimmed average of values in readout-channel 2 = 8.357376
Trimmed average of values in readout-channel 3 = 8.651406
Trimmed average of values in readout-channel 4 = 8.707768
Darkdrift background term = 8.507687
...for data plane = 24
Darkdrift correction for readout-channel 1 = 0.569012
Darkdrift correction for readout-channel 2 = -0.521164
Darkdrift correction for readout-channel 3 = 0.868103
Darkdrift correction for readout-channel 4 = -0.915952
Darkdrift uncertainty for readout-channel 1 = 0.373465
Darkdrift uncertainty for readout-channel 2 = 0.447562
Darkdrift uncertainty for readout-channel 3 = 0.521246
Darkdrift uncertainty for readout-channel 4 = 0.447489
Trimmed average of values in readout-channel 1 = 9.107162
Trimmed average of values in readout-channel 2 = 8.016986
Trimmed average of values in readout-channel 3 = 9.406253
Trimmed average of values in readout-channel 4 = 7.622197
Darkdrift background term = 8.538149
...for data plane = 25
Darkdrift correction for readout-channel 1 = -0.491102
Darkdrift correction for readout-channel 2 = 0.279086
Darkdrift correction for readout-channel 3 = 0.489456
Darkdrift correction for readout-channel 4 = -0.277440
Darkdrift uncertainty for readout-channel 1 = 0.447459
Darkdrift uncertainty for readout-channel 2 = 0.373428
Darkdrift uncertainty for readout-channel 3 = 0.447709
Darkdrift uncertainty for readout-channel 4 = 0.373334
Trimmed average of values in readout-channel 1 = 8.252946
Trimmed average of values in readout-channel 2 = 9.023134
Trimmed average of values in readout-channel 3 = 9.233504
Trimmed average of values in readout-channel 4 = 8.466608
Darkdrift background term = 8.744048
...for data plane = 26
Darkdrift correction for readout-channel 1 = -0.305888
Darkdrift correction for readout-channel 2 = -0.155359
Darkdrift correction for readout-channel 3 = 0.721016
Darkdrift correction for readout-channel 4 = -0.259768
Darkdrift uncertainty for readout-channel 1 = 0.373222
Darkdrift uncertainty for readout-channel 2 = 0.447345
Darkdrift uncertainty for readout-channel 3 = 0.446978
Darkdrift uncertainty for readout-channel 4 = 0.447541
Trimmed average of values in readout-channel 1 = 8.200671
Trimmed average of values in readout-channel 2 = 8.351199
Trimmed average of values in readout-channel 3 = 9.227574
Trimmed average of values in readout-channel 4 = 8.246790
Darkdrift background term = 8.506559
...for data plane = 27
Darkdrift correction for readout-channel 1 = 0.233780
Darkdrift correction for readout-channel 2 = -0.486384
Darkdrift correction for readout-channel 3 = -0.073094
Darkdrift correction for readout-channel 4 = 0.325698
Darkdrift uncertainty for readout-channel 1 = 0.373903
Darkdrift uncertainty for readout-channel 2 = 0.376557
Darkdrift uncertainty for readout-channel 3 = 0.449407
Darkdrift uncertainty for readout-channel 4 = 0.447426
Trimmed average of values in readout-channel 1 = 8.372743
Trimmed average of values in readout-channel 2 = 7.652580
Trimmed average of values in readout-channel 3 = 8.065870
Trimmed average of values in readout-channel 4 = 8.464661
Darkdrift background term = 8.138963
...for data plane = 28
Darkdrift correction for readout-channel 1 = -0.019854
Darkdrift correction for readout-channel 2 = -0.282580
Darkdrift correction for readout-channel 3 = 0.205389
Darkdrift correction for readout-channel 4 = 0.097044
Darkdrift uncertainty for readout-channel 1 = 0.374214
Darkdrift uncertainty for readout-channel 2 = 0.373066
Darkdrift uncertainty for readout-channel 3 = 0.448108
Darkdrift uncertainty for readout-channel 4 = 0.447473
Trimmed average of values in readout-channel 1 = 7.862314
Trimmed average of values in readout-channel 2 = 7.599588
Trimmed average of values in readout-channel 3 = 8.087557
Trimmed average of values in readout-channel 4 = 7.979212
Darkdrift background term = 7.882168
...for data plane = 29
Darkdrift correction for readout-channel 1 = -0.241903
Darkdrift correction for readout-channel 2 = 0.209972
Darkdrift correction for readout-channel 3 = 0.197659
Darkdrift correction for readout-channel 4 = -0.165728
Darkdrift uncertainty for readout-channel 1 = 0.447529
Darkdrift uncertainty for readout-channel 2 = 0.448168
Darkdrift uncertainty for readout-channel 3 = 0.447369
Darkdrift uncertainty for readout-channel 4 = 0.373984
Trimmed average of values in readout-channel 1 = 7.402373
Trimmed average of values in readout-channel 2 = 7.854249
Trimmed average of values in readout-channel 3 = 7.841936
Trimmed average of values in readout-channel 4 = 7.478549
Darkdrift background term = 7.644277
...for data plane = 30
Darkdrift correction for readout-channel 1 = -0.034188
Darkdrift correction for readout-channel 2 = -0.165825
Darkdrift correction for readout-channel 3 = 0.037970
Darkdrift correction for readout-channel 4 = 0.162043
Darkdrift uncertainty for readout-channel 1 = 0.447461
Darkdrift uncertainty for readout-channel 2 = 0.449746
Darkdrift uncertainty for readout-channel 3 = 0.374768
Darkdrift uncertainty for readout-channel 4 = 0.373596
Trimmed average of values in readout-channel 1 = 7.893884
Trimmed average of values in readout-channel 2 = 7.762247
Trimmed average of values in readout-channel 3 = 7.966042
Trimmed average of values in readout-channel 4 = 8.090116
Darkdrift background term = 7.928072
...for data plane = 31
Darkdrift correction for readout-channel 1 = 0.579361
Darkdrift correction for readout-channel 2 = 0.074728
Darkdrift correction for readout-channel 3 = 0.203433
Darkdrift correction for readout-channel 4 = -0.857521
Darkdrift uncertainty for readout-channel 1 = 0.447555
Darkdrift uncertainty for readout-channel 2 = 0.373333
Darkdrift uncertainty for readout-channel 3 = 0.373435
Darkdrift uncertainty for readout-channel 4 = 0.376543
Trimmed average of values in readout-channel 1 = 8.417822
Trimmed average of values in readout-channel 2 = 7.913189
Trimmed average of values in readout-channel 3 = 8.041894
Trimmed average of values in readout-channel 4 = 6.980939
Darkdrift background term = 7.838461
...for data plane = 32
Darkdrift correction for readout-channel 1 = -0.627815
Darkdrift correction for readout-channel 2 = 0.160396
Darkdrift correction for readout-channel 3 = -0.210945
Darkdrift correction for readout-channel 4 = 0.678365
Darkdrift uncertainty for readout-channel 1 = 0.447461
Darkdrift uncertainty for readout-channel 2 = 0.373467
Darkdrift uncertainty for readout-channel 3 = 0.372889
Darkdrift uncertainty for readout-channel 4 = 0.447549
Trimmed average of values in readout-channel 1 = 7.690765
Trimmed average of values in readout-channel 2 = 8.478977
Trimmed average of values in readout-channel 3 = 8.107635
Trimmed average of values in readout-channel 4 = 8.996945
Darkdrift background term = 8.318581
...for data plane = 33
Darkdrift correction for readout-channel 1 = -0.047590
Darkdrift correction for readout-channel 2 = -0.604916
Darkdrift correction for readout-channel 3 = -0.077790
Darkdrift correction for readout-channel 4 = 0.730296
Darkdrift uncertainty for readout-channel 1 = 0.447365
Darkdrift uncertainty for readout-channel 2 = 0.447499
Darkdrift uncertainty for readout-channel 3 = 0.447366
Darkdrift uncertainty for readout-channel 4 = 0.373289
Trimmed average of values in readout-channel 1 = 8.139188
Trimmed average of values in readout-channel 2 = 7.581862
Trimmed average of values in readout-channel 3 = 8.108988
Trimmed average of values in readout-channel 4 = 8.917074
Darkdrift background term = 8.186778
...for data plane = 34
Darkdrift correction for readout-channel 1 = 0.021161
Darkdrift correction for readout-channel 2 = 0.145137
Darkdrift correction for readout-channel 3 = 0.318644
Darkdrift correction for readout-channel 4 = -0.484942
Darkdrift uncertainty for readout-channel 1 = 0.373589
Darkdrift uncertainty for readout-channel 2 = 0.447494
Darkdrift uncertainty for readout-channel 3 = 0.520968
Darkdrift uncertainty for readout-channel 4 = 0.373643
Trimmed average of values in readout-channel 1 = 8.292974
Trimmed average of values in readout-channel 2 = 8.416950
Trimmed average of values in readout-channel 3 = 8.590457
Trimmed average of values in readout-channel 4 = 7.786871
Darkdrift background term = 8.271813
...for data plane = 35
Darkdrift correction for readout-channel 1 = 0.162978
Darkdrift correction for readout-channel 2 = -0.673616
Darkdrift correction for readout-channel 3 = 0.193534
Darkdrift correction for readout-channel 4 = 0.317105
Darkdrift uncertainty for readout-channel 1 = 0.447434
Darkdrift uncertainty for readout-channel 2 = 0.373061
Darkdrift uncertainty for readout-channel 3 = 0.447277
Darkdrift uncertainty for readout-channel 4 = 0.447636
Trimmed average of values in readout-channel 1 = 8.497779
Trimmed average of values in readout-channel 2 = 7.661185
Trimmed average of values in readout-channel 3 = 8.528335
Trimmed average of values in readout-channel 4 = 8.651907
Darkdrift background term = 8.334802
...for data plane = 36
Darkdrift correction for readout-channel 1 = -0.281747
Darkdrift correction for readout-channel 2 = 0.534882
Darkdrift correction for readout-channel 3 = -0.132775
Darkdrift correction for readout-channel 4 = -0.120360
Darkdrift uncertainty for readout-channel 1 = 0.447462
Darkdrift uncertainty for readout-channel 2 = 0.373881
Darkdrift uncertainty for readout-channel 3 = 0.443258
Darkdrift uncertainty for readout-channel 4 = 0.374138
Trimmed average of values in readout-channel 1 = 7.014294
Trimmed average of values in readout-channel 2 = 7.830924
Trimmed average of values in readout-channel 3 = 7.163266
Trimmed average of values in readout-channel 4 = 7.175681
Darkdrift background term = 7.296041
...for data plane = 37
Darkdrift correction for readout-channel 1 = 0.094186
Darkdrift correction for readout-channel 2 = 0.105519
Darkdrift correction for readout-channel 3 = -0.152194
Darkdrift correction for readout-channel 4 = -0.047512
Darkdrift uncertainty for readout-channel 1 = 0.374042
Darkdrift uncertainty for readout-channel 2 = 0.447488
Darkdrift uncertainty for readout-channel 3 = 0.447444
Darkdrift uncertainty for readout-channel 4 = 0.373495
Trimmed average of values in readout-channel 1 = 7.354615
Trimmed average of values in readout-channel 2 = 7.365947
Trimmed average of values in readout-channel 3 = 7.108235
Trimmed average of values in readout-channel 4 = 7.212916
Darkdrift background term = 7.260428
...for data plane = 38
Darkdrift correction for readout-channel 1 = -0.067901
Darkdrift correction for readout-channel 2 = 0.005959
Darkdrift correction for readout-channel 3 = 0.019925
Darkdrift correction for readout-channel 4 = 0.042018
Darkdrift uncertainty for readout-channel 1 = 0.374440
Darkdrift uncertainty for readout-channel 2 = 0.446882
Darkdrift uncertainty for readout-channel 3 = 0.447456
Darkdrift uncertainty for readout-channel 4 = 0.378407
Trimmed average of values in readout-channel 1 = 7.712781
Trimmed average of values in readout-channel 2 = 7.786641
Trimmed average of values in readout-channel 3 = 7.800606
Trimmed average of values in readout-channel 4 = 7.822700
Darkdrift background term = 7.780682
...for data plane = 39
Darkdrift correction for readout-channel 1 = -0.113740
Darkdrift correction for readout-channel 2 = 0.166865
Darkdrift correction for readout-channel 3 = -0.127915
Darkdrift correction for readout-channel 4 = 0.074790
Darkdrift uncertainty for readout-channel 1 = 0.446991
Darkdrift uncertainty for readout-channel 2 = 0.374771
Darkdrift uncertainty for readout-channel 3 = 0.450570
Darkdrift uncertainty for readout-channel 4 = 0.373712
Trimmed average of values in readout-channel 1 = 7.859913
Trimmed average of values in readout-channel 2 = 8.140517
Trimmed average of values in readout-channel 3 = 7.845738
Trimmed average of values in readout-channel 4 = 8.048442
Darkdrift background term = 7.973653
...for data plane = 40
Darkdrift correction for readout-channel 1 = -0.312122
Darkdrift correction for readout-channel 2 = -0.365291
Darkdrift correction for readout-channel 3 = 0.130195
Darkdrift correction for readout-channel 4 = 0.547218
Darkdrift uncertainty for readout-channel 1 = 0.447668
Darkdrift uncertainty for readout-channel 2 = 0.447837
Darkdrift uncertainty for readout-channel 3 = 0.447225
Darkdrift uncertainty for readout-channel 4 = 0.375945
Trimmed average of values in readout-channel 1 = 7.759827
Trimmed average of values in readout-channel 2 = 7.706659
Trimmed average of values in readout-channel 3 = 8.202145
Trimmed average of values in readout-channel 4 = 8.619167
Darkdrift background term = 8.071949
...for data plane = 41
Darkdrift correction for readout-channel 1 = 0.371598
Darkdrift correction for readout-channel 2 = -0.115545
Darkdrift correction for readout-channel 3 = -0.189583
Darkdrift correction for readout-channel 4 = -0.066470
Darkdrift uncertainty for readout-channel 1 = 0.447265
Darkdrift uncertainty for readout-channel 2 = 0.447482
Darkdrift uncertainty for readout-channel 3 = 0.375908
Darkdrift uncertainty for readout-channel 4 = 0.447601
Trimmed average of values in readout-channel 1 = 8.459630
Trimmed average of values in readout-channel 2 = 7.972488
Trimmed average of values in readout-channel 3 = 7.898450
Trimmed average of values in readout-channel 4 = 8.021562
Darkdrift background term = 8.088032
...for data plane = 42
Darkdrift correction for readout-channel 1 = 0.076907
Darkdrift correction for readout-channel 2 = 0.520734
Darkdrift correction for readout-channel 3 = -0.247528
Darkdrift correction for readout-channel 4 = -0.350112
Darkdrift uncertainty for readout-channel 1 = 0.447551
Darkdrift uncertainty for readout-channel 2 = 0.429048
Darkdrift uncertainty for readout-channel 3 = 0.447575
Darkdrift uncertainty for readout-channel 4 = 0.446425
Trimmed average of values in readout-channel 1 = 7.993470
Trimmed average of values in readout-channel 2 = 8.437297
Trimmed average of values in readout-channel 3 = 7.669035
Trimmed average of values in readout-channel 4 = 7.566451
Darkdrift background term = 7.916563
...for data plane = 43
Darkdrift correction for readout-channel 1 = 0.461229
Darkdrift correction for readout-channel 2 = -0.437746
Darkdrift correction for readout-channel 3 = 0.071511
Darkdrift correction for readout-channel 4 = -0.094994
Darkdrift uncertainty for readout-channel 1 = 0.373832
Darkdrift uncertainty for readout-channel 2 = 0.447958
Darkdrift uncertainty for readout-channel 3 = 0.447695
Darkdrift uncertainty for readout-channel 4 = 0.372835
Trimmed average of values in readout-channel 1 = 7.926548
Trimmed average of values in readout-channel 2 = 7.027572
Trimmed average of values in readout-channel 3 = 7.536829
Trimmed average of values in readout-channel 4 = 7.370324
Darkdrift background term = 7.465318
...for data plane = 44
Darkdrift correction for readout-channel 1 = -0.313217
Darkdrift correction for readout-channel 2 = 0.288541
Darkdrift correction for readout-channel 3 = 0.363060
Darkdrift correction for readout-channel 4 = -0.338384
Darkdrift uncertainty for readout-channel 1 = 0.447031
Darkdrift uncertainty for readout-channel 2 = 0.447062
Darkdrift uncertainty for readout-channel 3 = 0.375650
Darkdrift uncertainty for readout-channel 4 = 0.446486
Trimmed average of values in readout-channel 1 = 7.208606
Trimmed average of values in readout-channel 2 = 7.810365
Trimmed average of values in readout-channel 3 = 7.884883
Trimmed average of values in readout-channel 4 = 7.183440
Darkdrift background term = 7.521823
...for data plane = 45
Darkdrift correction for readout-channel 1 = -0.249915
Darkdrift correction for readout-channel 2 = 0.025910
Darkdrift correction for readout-channel 3 = -0.084552
Darkdrift correction for readout-channel 4 = 0.308557
Darkdrift uncertainty for readout-channel 1 = 0.447547
Darkdrift uncertainty for readout-channel 2 = 0.447445
Darkdrift uncertainty for readout-channel 3 = 0.447768
Darkdrift uncertainty for readout-channel 4 = 0.373824
Trimmed average of values in readout-channel 1 = 7.007375
Trimmed average of values in readout-channel 2 = 7.283201
Trimmed average of values in readout-channel 3 = 7.172739
Trimmed average of values in readout-channel 4 = 7.565847
Darkdrift background term = 7.257291
...for data plane = 46
Darkdrift correction for readout-channel 1 = 0.278378
Darkdrift correction for readout-channel 2 = -0.800169
Darkdrift correction for readout-channel 3 = 0.192944
Darkdrift correction for readout-channel 4 = 0.328846
Darkdrift uncertainty for readout-channel 1 = 0.374898
Darkdrift uncertainty for readout-channel 2 = 0.518341
Darkdrift uncertainty for readout-channel 3 = 0.447614
Darkdrift uncertainty for readout-channel 4 = 0.446934
Trimmed average of values in readout-channel 1 = 7.109807
Trimmed average of values in readout-channel 2 = 6.031260
Trimmed average of values in readout-channel 3 = 7.024373
Trimmed average of values in readout-channel 4 = 7.160275
Darkdrift background term = 6.831429
...for data plane = 47
Darkdrift correction for readout-channel 1 = 0.203096
Darkdrift correction for readout-channel 2 = -0.417932
Darkdrift correction for readout-channel 3 = 0.331079
Darkdrift correction for readout-channel 4 = -0.116243
Darkdrift uncertainty for readout-channel 1 = 0.373522
Darkdrift uncertainty for readout-channel 2 = 0.374390
Darkdrift uncertainty for readout-channel 3 = 0.446701
Darkdrift uncertainty for readout-channel 4 = 0.447201
Trimmed average of values in readout-channel 1 = 6.975453
Trimmed average of values in readout-channel 2 = 6.354425
Trimmed average of values in readout-channel 3 = 7.103437
Trimmed average of values in readout-channel 4 = 6.656114
Darkdrift background term = 6.772357
...for data plane = 48
Darkdrift correction for readout-channel 1 = 0.043986
Darkdrift correction for readout-channel 2 = -0.536938
Darkdrift correction for readout-channel 3 = 0.290465
Darkdrift correction for readout-channel 4 = 0.202487
Darkdrift uncertainty for readout-channel 1 = 0.447509
Darkdrift uncertainty for readout-channel 2 = 0.446790
Darkdrift uncertainty for readout-channel 3 = 0.445930
Darkdrift uncertainty for readout-channel 4 = 0.447543
Trimmed average of values in readout-channel 1 = 7.192801
Trimmed average of values in readout-channel 2 = 6.611877
Trimmed average of values in readout-channel 3 = 7.439280
Trimmed average of values in readout-channel 4 = 7.351302
Darkdrift background term = 7.148815
...for data plane = 49
Darkdrift correction for readout-channel 1 = -0.234972
Darkdrift correction for readout-channel 2 = 0.343808
Darkdrift correction for readout-channel 3 = 0.305006
Darkdrift correction for readout-channel 4 = -0.413842
Darkdrift uncertainty for readout-channel 1 = 0.447488
Darkdrift uncertainty for readout-channel 2 = 0.447514
Darkdrift uncertainty for readout-channel 3 = 0.373877
Darkdrift uncertainty for readout-channel 4 = 0.447443
Trimmed average of values in readout-channel 1 = 7.138572
Trimmed average of values in readout-channel 2 = 7.717352
Trimmed average of values in readout-channel 3 = 7.678550
Trimmed average of values in readout-channel 4 = 6.959702
Darkdrift background term = 7.373544
...for data plane = 50
Darkdrift correction for readout-channel 1 = 0.009667
Darkdrift correction for readout-channel 2 = -0.346722
Darkdrift correction for readout-channel 3 = 0.301653
Darkdrift correction for readout-channel 4 = 0.035402
Darkdrift uncertainty for readout-channel 1 = 0.447530
Darkdrift uncertainty for readout-channel 2 = 0.377791
Darkdrift uncertainty for readout-channel 3 = 0.447593
Darkdrift uncertainty for readout-channel 4 = 0.446278
Trimmed average of values in readout-channel 1 = 7.302324
Trimmed average of values in readout-channel 2 = 6.945935
Trimmed average of values in readout-channel 3 = 7.594310
Trimmed average of values in readout-channel 4 = 7.328059
Darkdrift background term = 7.292657
...for data plane = 51
Darkdrift correction for readout-channel 1 = -0.520164
Darkdrift correction for readout-channel 2 = 0.472389
Darkdrift correction for readout-channel 3 = -0.011336
Darkdrift correction for readout-channel 4 = 0.059111
Darkdrift uncertainty for readout-channel 1 = 0.373706
Darkdrift uncertainty for readout-channel 2 = 0.448234
Darkdrift uncertainty for readout-channel 3 = 0.447237
Darkdrift uncertainty for readout-channel 4 = 0.448235
Trimmed average of values in readout-channel 1 = 6.968898
Trimmed average of values in readout-channel 2 = 7.961450
Trimmed average of values in readout-channel 3 = 7.477725
Trimmed average of values in readout-channel 4 = 7.548172
Darkdrift background term = 7.489061
...for data plane = 52
Darkdrift correction for readout-channel 1 = 0.447768
Darkdrift correction for readout-channel 2 = 0.152710
Darkdrift correction for readout-channel 3 = -0.086546
Darkdrift correction for readout-channel 4 = -0.513932
Darkdrift uncertainty for readout-channel 1 = 0.374355
Darkdrift uncertainty for readout-channel 2 = 0.447435
Darkdrift uncertainty for readout-channel 3 = 0.373854
Darkdrift uncertainty for readout-channel 4 = 0.447388
Trimmed average of values in readout-channel 1 = 8.021409
Trimmed average of values in readout-channel 2 = 7.726352
Trimmed average of values in readout-channel 3 = 7.487096
Trimmed average of values in readout-channel 4 = 7.059710
Darkdrift background term = 7.573642
...for data plane = 53
Darkdrift correction for readout-channel 1 = -0.076651
Darkdrift correction for readout-channel 2 = -0.087626
Darkdrift correction for readout-channel 3 = 0.422254
Darkdrift correction for readout-channel 4 = -0.257978
Darkdrift uncertainty for readout-channel 1 = 0.447202
Darkdrift uncertainty for readout-channel 2 = 0.374030
Darkdrift uncertainty for readout-channel 3 = 0.448814
Darkdrift uncertainty for readout-channel 4 = 0.447565
Trimmed average of values in readout-channel 1 = 6.800972
Trimmed average of values in readout-channel 2 = 6.789997
Trimmed average of values in readout-channel 3 = 7.299876
Trimmed average of values in readout-channel 4 = 6.619644
Darkdrift background term = 6.877622
...for data plane = 54
Darkdrift correction for readout-channel 1 = 0.114947
Darkdrift correction for readout-channel 2 = -0.584143
Darkdrift correction for readout-channel 3 = 0.129049
Darkdrift correction for readout-channel 4 = 0.340146
Darkdrift uncertainty for readout-channel 1 = 0.446114
Darkdrift uncertainty for readout-channel 2 = 0.448309
Darkdrift uncertainty for readout-channel 3 = 0.447184
Darkdrift uncertainty for readout-channel 4 = 0.375434
Trimmed average of values in readout-channel 1 = 7.033449
Trimmed average of values in readout-channel 2 = 6.334359
Trimmed average of values in readout-channel 3 = 7.047551
Trimmed average of values in readout-channel 4 = 7.258648
Darkdrift background term = 6.918502
...for data plane = 55
Darkdrift correction for readout-channel 1 = 0.187980
Darkdrift correction for readout-channel 2 = 0.320989
Darkdrift correction for readout-channel 3 = -0.292410
Darkdrift correction for readout-channel 4 = -0.216559
Darkdrift uncertainty for readout-channel 1 = 0.447347
Darkdrift uncertainty for readout-channel 2 = 0.374369
Darkdrift uncertainty for readout-channel 3 = 0.447310
Darkdrift uncertainty for readout-channel 4 = 0.447479
Trimmed average of values in readout-channel 1 = 7.245902
Trimmed average of values in readout-channel 2 = 7.378911
Trimmed average of values in readout-channel 3 = 6.765512
Trimmed average of values in readout-channel 4 = 6.841362
Darkdrift background term = 7.057922
...for data plane = 56
Darkdrift correction for readout-channel 1 = 0.090699
Darkdrift correction for readout-channel 2 = 0.285214
Darkdrift correction for readout-channel 3 = -0.057886
Darkdrift correction for readout-channel 4 = -0.318027
Darkdrift uncertainty for readout-channel 1 = 0.373632
Darkdrift uncertainty for readout-channel 2 = 0.446096
Darkdrift uncertainty for readout-channel 3 = 0.447451
Darkdrift uncertainty for readout-channel 4 = 0.447417
Trimmed average of values in readout-channel 1 = 7.121625
Trimmed average of values in readout-channel 2 = 7.316139
Trimmed average of values in readout-channel 3 = 6.973039
Trimmed average of values in readout-channel 4 = 6.712899
Darkdrift background term = 7.030926
...for data plane = 57
Darkdrift correction for readout-channel 1 = -0.380973
Darkdrift correction for readout-channel 2 = 0.030065
Darkdrift correction for readout-channel 3 = 0.666522
Darkdrift correction for readout-channel 4 = -0.315614
Darkdrift uncertainty for readout-channel 1 = 0.376199
Darkdrift uncertainty for readout-channel 2 = 0.374049
Darkdrift uncertainty for readout-channel 3 = 0.373944
Darkdrift uncertainty for readout-channel 4 = 0.374870
Trimmed average of values in readout-channel 1 = 6.853409
Trimmed average of values in readout-channel 2 = 7.264447
Trimmed average of values in readout-channel 3 = 7.900904
Trimmed average of values in readout-channel 4 = 6.918768
Darkdrift background term = 7.234382
...for data plane = 58
Darkdrift correction for readout-channel 1 = -0.348152
Darkdrift correction for readout-channel 2 = 0.501184
Darkdrift correction for readout-channel 3 = 0.222952
Darkdrift correction for readout-channel 4 = -0.375984
Darkdrift uncertainty for readout-channel 1 = 0.373813
Darkdrift uncertainty for readout-channel 2 = 0.446146
Darkdrift uncertainty for readout-channel 3 = 0.447252
Darkdrift uncertainty for readout-channel 4 = 0.448941
Trimmed average of values in readout-channel 1 = 12.063449
Trimmed average of values in readout-channel 2 = 12.912785
Trimmed average of values in readout-channel 3 = 12.634552
Trimmed average of values in readout-channel 4 = 12.035616
Darkdrift background term = 12.411600
...for data plane = 59
Darkdrift correction for readout-channel 1 = 0.078963
Darkdrift correction for readout-channel 2 = -0.326049
Darkdrift correction for readout-channel 3 = 0.318720
Darkdrift correction for readout-channel 4 = -0.071634
Darkdrift uncertainty for readout-channel 1 = 0.375047
Darkdrift uncertainty for readout-channel 2 = 0.447458
Darkdrift uncertainty for readout-channel 3 = 0.447542
Darkdrift uncertainty for readout-channel 4 = 0.374593
Trimmed average of values in readout-channel 1 = 7.331689
Trimmed average of values in readout-channel 2 = 6.926676
Trimmed average of values in readout-channel 3 = 7.571445
Trimmed average of values in readout-channel 4 = 7.181092
Darkdrift background term = 7.252726
...for data plane = 60
Darkdrift correction for readout-channel 1 = -0.435408
Darkdrift correction for readout-channel 2 = 0.797815
Darkdrift correction for readout-channel 3 = -0.418361
Darkdrift correction for readout-channel 4 = 0.055954
Darkdrift uncertainty for readout-channel 1 = 0.399296
Darkdrift uncertainty for readout-channel 2 = 0.446338
Darkdrift uncertainty for readout-channel 3 = 0.447404
Darkdrift uncertainty for readout-channel 4 = 0.447143
Trimmed average of values in readout-channel 1 = 7.194995
Trimmed average of values in readout-channel 2 = 8.428218
Trimmed average of values in readout-channel 3 = 7.212042
Trimmed average of values in readout-channel 4 = 7.686357
Darkdrift background term = 7.630403
...for data plane = 61
Darkdrift correction for readout-channel 1 = 0.737418
Darkdrift correction for readout-channel 2 = 0.357814
Darkdrift correction for readout-channel 3 = -0.059148
Darkdrift correction for readout-channel 4 = -1.036084
Darkdrift uncertainty for readout-channel 1 = 0.448538
Darkdrift uncertainty for readout-channel 2 = 0.445862
Darkdrift uncertainty for readout-channel 3 = 0.373896
Darkdrift uncertainty for readout-channel 4 = 0.447230
Trimmed average of values in readout-channel 1 = 7.836827
Trimmed average of values in readout-channel 2 = 7.457224
Trimmed average of values in readout-channel 3 = 7.040262
Trimmed average of values in readout-channel 4 = 6.063326
Darkdrift background term = 7.099410
...for data plane = 62
Darkdrift correction for readout-channel 1 = -0.359533
Darkdrift correction for readout-channel 2 = -0.259102
Darkdrift correction for readout-channel 3 = 0.437965
Darkdrift correction for readout-channel 4 = 0.180670
Darkdrift uncertainty for readout-channel 1 = 0.447812
Darkdrift uncertainty for readout-channel 2 = 0.445934
Darkdrift uncertainty for readout-channel 3 = 0.448390
Darkdrift uncertainty for readout-channel 4 = 0.447168
Trimmed average of values in readout-channel 1 = 6.303624
Trimmed average of values in readout-channel 2 = 6.404055
Trimmed average of values in readout-channel 3 = 7.101122
Trimmed average of values in readout-channel 4 = 6.843826
Darkdrift background term = 6.663157
...for data plane = 63
Darkdrift correction for readout-channel 1 = 0.023851
Darkdrift correction for readout-channel 2 = -0.233104
Darkdrift correction for readout-channel 3 = 0.800849
Darkdrift correction for readout-channel 4 = -0.591596
Darkdrift uncertainty for readout-channel 1 = 0.447936
Darkdrift uncertainty for readout-channel 2 = 0.447243
Darkdrift uncertainty for readout-channel 3 = 0.376738
Darkdrift uncertainty for readout-channel 4 = 0.440549
Trimmed average of values in readout-channel 1 = 6.743131
Trimmed average of values in readout-channel 2 = 6.486175
Trimmed average of values in readout-channel 3 = 7.520128
Trimmed average of values in readout-channel 4 = 6.127683
Darkdrift background term = 6.719279
...for data plane = 64
Darkdrift correction for readout-channel 1 = -0.123222
Darkdrift correction for readout-channel 2 = 0.316912
Darkdrift correction for readout-channel 3 = 0.393063
Darkdrift correction for readout-channel 4 = -0.586753
Darkdrift uncertainty for readout-channel 1 = 0.447457
Darkdrift uncertainty for readout-channel 2 = 0.443013
Darkdrift uncertainty for readout-channel 3 = 0.444709
Darkdrift uncertainty for readout-channel 4 = 0.447663
Trimmed average of values in readout-channel 1 = 6.688647
Trimmed average of values in readout-channel 2 = 7.128781
Trimmed average of values in readout-channel 3 = 7.204932
Trimmed average of values in readout-channel 4 = 6.225116
Darkdrift background term = 6.811869

Program darkdrift: Status Message: 0x0000
Normal exit from Function 0x0000: LOG_WRITER
Processing time: 9.460000 seconds
Current date/time: Wed Jan 19 22:27:53 2011
Program darkdrift, version 4.1, terminated.

darkdrift   exit_value =   0    execution_time = 9.530s
******************************************************************
Pipeline executing flatap
flatap -i darkdrift.fits -p cal/pmask.fits -f cal/skyflat.fits -ui sig_darkdrift.fits -uo sig_flatap.fits -d dmask.fits -o flatap.fits 
******************************************************************
Pipeline Module FLATAP Version 1.5
Processing time Wed Jan 19 22:27:53 2011

flatap_parse_namelist: Information only: Namelist not specified.
Wed Jan 19 22:27:53 2011
flatap_log_writer: Could not open Log File, using stdout
Flatap Version 1.5
Namelist File  = 
Input DCE = darkdrift.fits
Output DCE = !flatap.fits
Flatfield = cal/skyflat.fits
Input Uncertainty = sig_darkdrift.fits
Output Uncertainty = !sig_flatap.fits
Pmask File = cal/pmask.fits
Pmask Mask = 128
Dmask File = dmask.fits
Dmask Mask = 16384
Cmask File = 
Cmask Mask = 256
Trans CAL File = 
Trans CAL CMask File = 
Processing Log File = 
Time =    0.14 seconds
*********************

Time = 0.140 seconds
exit code 0

flatap   exit_value =   0    execution_time = 0.200s
******************************************************************
Pipeline executing imfliprot
imfliprot -i flatap.fits -n cdf/pn107.nl -a /sos/sw/S18.18.0/STUDIO/downlink/include -o imfliprot.fits 
******************************************************************

imfliprot_log_writer: Printing Log output to stdout

Program imfliprot, Version 1.0
Namelist File  = cdf/pn107.nl
Input File = flatap.fits
Output File = imfliprot.fits
Image has been flipped
Image Rotation (degrees)  = 180
Ancillary Data-File Path = /sos/sw/S18.18.0/STUDIO/downlink/include
Verbose flag = 0
Debug flag = 0
imfliprot Status Message      0x0000: Normal exit from Function 0x0000: LOG_WRITER
Processing time: 0.150000 seconds
Current date/time: Wed Jan 19 22:27:53 2011
Program imfliprot, version 1.0, terminated.


imfliprot   exit_value =   0    execution_time = 0.180s
******************************************************************
Pipeline executing imfliprot
imfliprot -i sig_flatap.fits -n cdf/pn107.nl -a /sos/sw/S18.18.0/STUDIO/downlink/include -o sig_imfliprot.fits 
******************************************************************

imfliprot_log_writer: Printing Log output to stdout

Program imfliprot, Version 1.0
Namelist File  = cdf/pn107.nl
Input File = sig_flatap.fits
Output File = sig_imfliprot.fits
Image has been flipped
Image Rotation (degrees)  = 180
Ancillary Data-File Path = /sos/sw/S18.18.0/STUDIO/downlink/include
Verbose flag = 0
Debug flag = 0
imfliprot Status Message      0x0000: Normal exit from Function 0x0000: LOG_WRITER
Processing time: 0.160000 seconds
Current date/time: Wed Jan 19 22:27:54 2011
Program imfliprot, version 1.0, terminated.


imfliprot   exit_value =   0    execution_time = 0.200s
******************************************************************
Pipeline executing imfliprot
imfliprot -i dmask.fits -n cdf/pn107.nl -a /sos/sw/S18.18.0/STUDIO/downlink/include -o temp_dmask.fits 
******************************************************************

imfliprot_log_writer: Printing Log output to stdout

Program imfliprot, Version 1.0
Namelist File  = cdf/pn107.nl
Input File = dmask.fits
Output File = temp_dmask.fits
Image has been flipped
Image Rotation (degrees)  = 180
Ancillary Data-File Path = /sos/sw/S18.18.0/STUDIO/downlink/include
Verbose flag = 0
Debug flag = 0
imfliprot Status Message      0x0000: Normal exit from Function 0x0000: LOG_WRITER
Processing time: 0.040000 seconds
Current date/time: Wed Jan 19 22:27:54 2011
Program imfliprot, version 1.0, terminated.


imfliprot   exit_value =   0    execution_time = 0.070s
******************************************************************
Pipeline executing imfliprot
imfliprot -i fowlinearize.fits -n cdf/pn107.nl -a /sos/sw/S18.18.0/STUDIO/downlink/include -o temp_fowlinearize.fits 
******************************************************************

imfliprot_log_writer: Printing Log output to stdout

Program imfliprot, Version 1.0
Namelist File  = cdf/pn107.nl
Input File = fowlinearize.fits
Output File = temp_fowlinearize.fits
Image has been flipped
Image Rotation (degrees)  = 180
Ancillary Data-File Path = /sos/sw/S18.18.0/STUDIO/downlink/include
Verbose flag = 0
Debug flag = 0
imfliprot Status Message      0x0000: Normal exit from Function 0x0000: LOG_WRITER
Processing time: 0.070000 seconds
Current date/time: Wed Jan 19 22:27:54 2011
Program imfliprot, version 1.0, terminated.


imfliprot   exit_value =   0    execution_time = 0.100s
******************************************************************
Pipeline executing imfliprot
imfliprot -i sig_fowlinearize.fits -n cdf/pn107.nl -a /sos/sw/S18.18.0/STUDIO/downlink/include -o temp_sig_fowlinearize.fits 
******************************************************************

imfliprot_log_writer: Printing Log output to stdout

Program imfliprot, Version 1.0
Namelist File  = cdf/pn107.nl
Input File = sig_fowlinearize.fits
Output File = temp_sig_fowlinearize.fits
Image has been flipped
Image Rotation (degrees)  = 180
Ancillary Data-File Path = /sos/sw/S18.18.0/STUDIO/downlink/include
Verbose flag = 0
Debug flag = 0
imfliprot Status Message      0x0000: Normal exit from Function 0x0000: LOG_WRITER
Processing time: 0.070000 seconds
Current date/time: Wed Jan 19 22:27:54 2011
Program imfliprot, version 1.0, terminated.


imfliprot   exit_value =   0    execution_time = 0.090s
******************************************************************
Pipeline executing dntoflux
dntoflux -i imfliprot.fits -iu sig_imfliprot.fits -n cdf/pn107.nl -co 0 -c 0.1253 -u 0.0000 -a /sos/sw/S18.18.0/STUDIO/downlink/include -o1 dntoflux.fits -ou sig_dntoflux.fits -t 1 
******************************************************************

Program dntoflux, Version 4.2
Namelist File  = cdf/pn107.nl
Input Image = imfliprot.fits
Output File 1 = dntoflux.fits
Output Uncertainty Image = sig_dntoflux.fits
Operation flag = 0
Conversion factor = 0.125300
Input Uncertainty Image = sig_imfliprot.fits
Conversion-factor uncertainty = 0.000000
Output BUNIT setting = MJy/sr
Normalize-by-EXPTIME Flag = 1
EXPTIME = 0.080000
Data-Plane Flag = 1
Ancillary Data-File Path = /sos/sw/S18.18.0/STUDIO/downlink/include
Verbose flag = 0
Super-verbose flag = 0
Debug flag = 0
Terminating data-units-conversion program.
dntoflux Status Message: 0x0000
Normal exit from Function 0x0000: LOG_WRITER
A total of        0   NaN's were produced in the results.
Processing time: 0.360000 seconds
Current date/time: Wed Jan 19 22:27:55 2011
Program dntoflux, version 4.2, terminated.

dntoflux   exit_value =   0    execution_time = 0.450s
******************************************************************
Pipeline executing qatool
qatool -i dntoflux.fits -n cdf/pn107.nl -nb QATOOLBCD -a /sos/sw/S18.18.0/STUDIO/downlink/include -o qa/BCD_qatool 
******************************************************************
qatool_parse_namelist: Information only: Namelist block-name = &QATOOLBCD
Program qatool, Version 6.0
Namelist File  = cdf/pn107.nl
Input File = dntoflux.fits
Output Data Filename Base = qa/BCD_qatool
Statistics Group = 0
Percent-Scaling Flag = 0
Calculation Type = 1
(set-up to do additional computations for four readout channels)
Number of Mean Absolute Deviations for Histogram Half-Width Coverage = 5
Number of Bins in Histograms = 41
Central fraction for trimmed average = 0.810000
Central fraction for trimmed std. dev. = 0.720000
Bad-pixel tolerance fraction = 0.900000
Statistics Box X position = 3
Statistics Box Y position = 4
Statistics Box X width = 20
Statistics Box Y height = 23
Input-Image Transpose Flag = 1
Unsigned Integer Flag = 0
Data-Plane Flag = 1
Number Edge Rows/Cols Skipped = 2
Keyword Prefix = bcd
Ancillary Data-File Path = /sos/sw/S18.18.0/STUDIO/downlink/include
Verbose flag = 0
Super-verbose flag = 0
Debug flag = 0
Performed statistical and histogram calculations.
Program qatool: Status Message: 0x0000
Normal exit from Function 0x0000: LOG_WRITER
Processing time: 0.990000 seconds
Current date/time: Wed Jan 19 22:27:56 2011
Program qatool, version 6.0, terminated.

qatool   exit_value =   0    execution_time = 1.060s
******************************************************************
Pipeline executing chkmask
chkmask dmask.fits -q qa/BCD_qatool.qa 
******************************************************************
 chkmask vsn 1.35 A40312
 
 No. of occurrences of the only status combination:
   7 occurrences of   16 (4)                                 
 
 Status Bit: No. of Pixels
   0:   0
   1:   0
   2:   0
   3:   0
   4:   7
   5:   0
   6:   0
   7:   0
   8:   0
   9:   0
   10:   0
   11:   0
   12:   0
   13:   0
   14:   0
 

chkmask   exit_value =   0    execution_time = 0.210s
******************************************************************
Loading QA information for DCE and BCD product
Keyword APDUV1E not found in header
Keyword APDUV2E not found in header
Keyword APDUV3E not found in header
Keyword APDUI1E not found in header
Keyword APDUI2E not found in header
Keyword APDUI3E not found in header
Could not append keyword APDUV1E to QA file qa/DCE_qatool.qa
Could not append keyword APDUV2E to QA file qa/DCE_qatool.qa
Could not append keyword APDUV3E to QA file qa/DCE_qatool.qa
Could not append keyword APDUI1E to QA file qa/DCE_qatool.qa
Could not append keyword APDUI2E to QA file qa/DCE_qatool.qa
Could not append keyword APDUI3E to QA file qa/DCE_qatool.qa
******************************************************************
Pipeline executing qaloader
qaloader -i qa/DCE_qatool.qa -tablename qa_iracdce -o qa/qaloader.sql -role pipelineswrole 
******************************************************************
2011/01/19 22:27:57 BEGIN qaloader v1.13
 -i (QA_FILE) qa/DCE_qatool.qa
 -tablename (TABLENAME) qa_iracdce
 -o (SQL_FILE) qa/qaloader.sql
 -role (ROLE) pipelineswrole
Using metadata version 13.0b
table name=qa_iracdce

QA values ingested:
{-9.086697e+01} {}
dceAveFI_1       -9.086697e+01 
{-1.031250e+02} {}
dceAveR1_1       -1.031250e+02 
{-7.414400e+01} {}
dceAveR2_1       -7.414400e+01 
{-8.580638e+01} {}
dceAveR3_1       -8.580638e+01 
{-1.003926e+02} {}
dceAveR4_1       -1.003926e+02 
{-7.100000e+01} {-1.031250e+02}
dceMedFI_1       -7.100000e+01 
{2.357031e+02} {}
dceSdevFI_1      2.357031e+02 
{1.311860e+01} {}
dceDSclFI_1      1.311860e+01 
{-5.830000e+03} {}
dceMinFI_1       -5.830000e+03 
{3.000000e+01} {}
dceMaxFI_1       3.000000e+01 
{132915472} {}
DCEID            132915472 
{1} {-9.086697e+01}
CHNLNUM          1 
{0} {}
ADCEID           0 
{2} {}
AFOWLNUM         2 
{6} {}
AWAITPER         6 
{0} {}
AWEASIDE         0 
{1} {}
AREADMOD         1 
{27.711567} {}
AFPAT1B          27.711567 
{28.695324} {}
AFPAT2B          28.695324 
{0} {}
APEDSIG          0 
{0} {}
ATXSTAT          0 
{0} {}
AFLSTAT          0 
{4} {}
ASHSTAT          4 
{-3.6132861} {}
AVRSTBEG         -3.6132861 
{-3.1117291} {}
AVDETBEG         -3.1117291 
{-3.6981353} {}
AVGG1BEG         -3.6981353 
{-3.6061158} {}
AVDDUBEG         -3.6061158 
{1} {}
AVGGCBEG         1 
{20.529177} {}
ACTENDT          20.529177 
{18.612554} {}
AFPECTE          18.612554 
{22.428805} {}
AFPEATE          22.428805 
{22.998124} {}
ATCTEMPE         22.998124 
{20.468216} {}
ACETEMPE         20.468216 
{20.468216} {}
APDTEMPE         20.468216 
{27.843193} {}
ACATMP2E         27.843193 
2011/01/19 22:27:57 END   qaloader status=0

qaloader   exit_value =   0    execution_time = 0.070s
******************************************************************
Pipeline executing qaloader
qaloader -i qa/BCD_qatool.qa -tablename qa_iracdp -o qa/qaloader.sql 
******************************************************************
2011/01/19 22:27:57 BEGIN qaloader v1.13
 -i (QA_FILE) qa/BCD_qatool.qa
 -tablename (TABLENAME) qa_iracdp
 -o (SQL_FILE) qa/qaloader.sql
Using metadata version 13.0b
table name=qa_iracdp

QA values ingested:
{4.389722e+01} {}
bcdAveFI_1       4.389722e+01 
{6.808363e+01} {}
bcdAveUB_1       6.808363e+01 
{1.670055e+01} {}
bcdMedFI_1       1.670055e+01 
{1.933924e+01} {}
bcdMedUB_1       1.933924e+01 
{2.999465e+02} {}
bcdSdevFI_1      2.999465e+02 
{3.842465e+02} {}
bcdSdevUB_1      3.842465e+02 
{1.171765e+01} {}
bcdDSclFI_1      1.171765e+01 
{1.377036e+01} {}
bcdDSclUB_1      1.377036e+01 
{-1.399348e+03} {}
bcdMinFI_1       -1.399348e+03 
{-1.878645e+01} {}
bcdMinUB_1       -1.878645e+01 
{5.853559e+03} {}
bcdMaxFI_1       5.853559e+03 
{5.853559e+03} {}
bcdMaxUB_1       5.853559e+03 
{1.623996e+01} {}
bcdC68lFI_1      1.623996e+01 
{1.711373e+01} {}
bcdC68uFI_1      1.711373e+01 
{348305676} {}
DPID             348305676 
{1} {4.389722e+01}
CHNLNUM          1 
2011/01/19 22:27:57 END   qaloader status=0

qaloader   exit_value =   0    execution_time = 0.110s
******************************************************************
Pipeline executing dbaccess
dbaccess -e sodb qa/qaloader.sql 
******************************************************************
set role pipelineswrole;
set lock mode to wait 30;
EXECUTE PROCEDURE addQA_iracdce (132915472, NULL, NULL, 1, -9.086697e+01, 
-7.100000e+01, -1.031250e+02, -7.414400e+01, -8.580638e+01, -1.003926e+02, 
2.357031e+02, 1.311860e+01, -5.830000e+03, 3.000000e+01, 0, 2, 6, 0, 1, 
27.711567, 28.695324, 0, 0, 0, 4, -3.6132861, -3.1117291, -3.6981353, 
-3.6061158, 1, 20.529177, 18.612554, 22.428805, 22.998124, 20.468216, 
20.468216, 27.843193, NULL, NULL, NULL, NULL, NULL, NULL);
EXECUTE PROCEDURE addQA_iracdp (348305676, NULL, NULL, 1, 4.389722e+01, 
6.808363e+01, 1.670055e+01, 1.933924e+01, 2.999465e+02, 3.842465e+02, 
1.171765e+01, 1.377036e+01, -1.399348e+03, -1.878645e+01, 5.853559e+03, 
5.853559e+03, 1.623996e+01, 1.711373e+01, NULL, NULL, NULL, NULL, NULL, NULL);
execute procedure setDceTimeParameters (132915472, 979279499.803, "2011-01-12 05:59:52.203", 0.08, 0.10);

dbaccess   exit_value =   0    execution_time = 0.100s
******************************************************************
Finishing IRAC science pipeline processing
Image is first DCE in AOR; Copying cal data to sandboxCould not copy cal/firstframe_corr.fits to /sbx20/S18.18.0/archive/proc/full/IRAC026800/bcd/4056/0041629440/1/0000/0000/17/01/2/cal/firstframe_corr.fits
Could not copy imask.fits to /sbx20/S18.18.0/archive/proc/full/IRAC026800/bcd/4056/0041629440/1/0000/0000/17/01/2/imask.fits
Could not copy muxbleedcorr.fits to /sbx20/S18.18.0/archive/proc/full/IRAC026800/bcd/4056/0041629440/1/0000/0000/17/01/2/muxbleedcorr.fits
Could not copy slremove.fits to /sbx20/S18.18.0/archive/proc/full/IRAC026800/bcd/4056/0041629440/1/0000/0000/17/01/2/slremove.fits
******************************************************************
PlScriptID 17 exiting Wednesday, January 19, 2011 10:28:29 PM PST
Host: sopipe80
Local Processing Directory: /scr6/S18.18.0/IRAC026800/bcd/4056/0041629440/1/0000/0000/17/01/2
Sandbox Directory: /sbx20/S18.18.0/archive/proc/full/IRAC026800/bcd/4056/0041629440/1/0000/0000/17/01/2
Processing time: total 23.04 s (user 0.73, system 0.95, child user 13.85, child system 7.51)
Pipeline exit code: Normal exit (0)
******************************************************************
